<?xml version="1.0" encoding="UTF-8"?>
<testng-results skipped="0" failed="0" total="1" passed="1">
  <reporter-output>
  </reporter-output>
  <suite name="com.udemy.java.test.DriverTest" duration-ms="9814" started-at="2020-08-25T07:45:15Z" finished-at="2020-08-25T07:45:24Z">
    <groups>
    </groups>
    <test name="Command line test" duration-ms="9814" started-at="2020-08-25T07:45:15Z" finished-at="2020-08-25T07:45:24Z">
      <class name="com.udemy.java.test.DriverTest">
        <test-method status="PASS" signature="setDriver(java.lang.String)[pri:0, instance:com.udemy.java.test.DriverTest@6fadae5d]" name="setDriver" is-config="true" duration-ms="5469" started-at="2020-08-25T13:15:15Z" finished-at="2020-08-25T13:15:20Z">
          <params>
            <param index="0">
              <value>
                <![CDATA[chrome]]>
              </value>
            </param>
          </params>
          <reporter-output>
          </reporter-output>
        </test-method> <!-- setDriver -->
        <test-method status="PASS" signature="googleTest()[pri:0, instance:com.udemy.java.test.DriverTest@6fadae5d]" name="googleTest" duration-ms="3480" started-at="2020-08-25T13:15:20Z" finished-at="2020-08-25T13:15:24Z">
          <reporter-output>
          </reporter-output>
        </test-method> <!-- googleTest -->
        <test-method status="PASS" signature="quitDriver()[pri:0, instance:com.udemy.java.test.DriverTest@6fadae5d]" name="quitDriver" is-config="true" duration-ms="845" started-at="2020-08-25T13:15:24Z" finished-at="2020-08-25T13:15:24Z">
          <reporter-output>
          </reporter-output>
        </test-method> <!-- quitDriver -->
      </class> <!-- com.udemy.java.test.DriverTest -->
    </test> <!-- Command line test -->
  </suite> <!-- com.udemy.java.test.DriverTest -->
</testng-results>
